c:\users\lh\documents\programming_project\spojproblems\spojproblemscpp\spojproblemscpp\debug\solutionwindows.pch
c:\users\lh\documents\programming_project\spojproblems\spojproblemscpp\spojproblemscpp\debug\vc141.pdb
c:\users\lh\documents\programming_project\spojproblems\spojproblemscpp\spojproblemscpp\debug\vc141.idb
c:\users\lh\documents\programming_project\spojproblems\spojproblemscpp\spojproblemscpp\debug\stdafx.obj
c:\users\lh\documents\programming_project\spojproblems\spojproblemscpp\spojproblemscpp\debug\solutionwindow.obj
c:\users\lh\documents\programming_project\spojproblems\spojproblemscpp\spojproblemscpp\debug\spojproblemscpp.obj
c:\users\lh\documents\programming_project\spojproblems\spojproblemscpp\spojproblemscpp\debug\classicalone.obj
c:\users\li huang\programmingprojects\spojproblems\spojproblemscpp\spojproblemscpp\debug\solutionwindows.pch
c:\users\li huang\programmingprojects\spojproblems\spojproblemscpp\spojproblemscpp\debug\vc141.pdb
c:\users\li huang\programmingprojects\spojproblems\spojproblemscpp\spojproblemscpp\debug\vc141.idb
c:\users\li huang\programmingprojects\spojproblems\spojproblemscpp\spojproblemscpp\debug\stdafx.obj
c:\users\li huang\programmingprojects\spojproblems\spojproblemscpp\spojproblemscpp\debug\spojproblemscpp.obj
c:\users\lh\documents\programming_project\spojproblems\spojproblemscpp\debug\solutionwindows.ilk
c:\users\lh\documents\programming_project\spojproblems\spojproblemscpp\debug\solutionwindows.exe
c:\users\lh\documents\programming_project\spojproblems\spojproblemscpp\debug\solutionwindows.pdb
c:\users\li huang\programmingprojects\spojproblems\spojproblemscpp\spojproblemscpp\debug\solutionwindow.obj
c:\users\li huang\programmingprojects\spojproblems\spojproblemscpp\debug\solutionwindows.pdb
c:\users\li huang\programmingprojects\spojproblems\spojproblemscpp\debug\solutionwindows.exe
c:\users\li huang\programmingprojects\spojproblems\spojproblemscpp\debug\solutionwindows.ilk
c:\users\li huang\programmingprojects\spojproblems\spojproblemscpp\spojproblemscpp\debug\solutionwindows.tlog\cl.command.1.tlog
c:\users\li huang\programmingprojects\spojproblems\spojproblemscpp\spojproblemscpp\debug\solutionwindows.tlog\cl.read.1.tlog
c:\users\li huang\programmingprojects\spojproblems\spojproblemscpp\spojproblemscpp\debug\solutionwindows.tlog\cl.write.1.tlog
c:\users\li huang\programmingprojects\spojproblems\spojproblemscpp\spojproblemscpp\debug\solutionwindows.tlog\link.command.1.tlog
c:\users\li huang\programmingprojects\spojproblems\spojproblemscpp\spojproblemscpp\debug\solutionwindows.tlog\link.read.1.tlog
c:\users\li huang\programmingprojects\spojproblems\spojproblemscpp\spojproblemscpp\debug\solutionwindows.tlog\link.write.1.tlog
