  ClassicalOne.cpp
c:\users\li huang\programmingprojects\spojproblems\spojproblemscpp\spojproblemscpp\classicalone.cpp(49): warning C4996: 'scanf': This function or variable may be unsafe. Consider using scanf_s instead. To disable deprecation, use _CRT_SECURE_NO_WARNINGS. See online help for details.
  c:\program files (x86)\windows kits\10\include\10.0.15063.0\ucrt\stdio.h(1272): note: see declaration of 'scanf'
c:\users\li huang\programmingprojects\spojproblems\spojproblemscpp\spojproblemscpp\classicalone.cpp(53): warning C4996: 'scanf': This function or variable may be unsafe. Consider using scanf_s instead. To disable deprecation, use _CRT_SECURE_NO_WARNINGS. See online help for details.
  c:\program files (x86)\windows kits\10\include\10.0.15063.0\ucrt\stdio.h(1272): note: see declaration of 'scanf'
c:\users\li huang\programmingprojects\spojproblems\spojproblemscpp\spojproblemscpp\classicalone.cpp(65): warning C4996: 'scanf': This function or variable may be unsafe. Consider using scanf_s instead. To disable deprecation, use _CRT_SECURE_NO_WARNINGS. See online help for details.
  c:\program files (x86)\windows kits\10\include\10.0.15063.0\ucrt\stdio.h(1272): note: see declaration of 'scanf'
c:\users\li huang\programmingprojects\spojproblems\spojproblemscpp\spojproblemscpp\classicalone.cpp(120): warning C4018: '<': signed/unsigned mismatch
c:\users\li huang\programmingprojects\spojproblems\spojproblemscpp\spojproblemscpp\classicalone.cpp(113): warning C4996: 'scanf': This function or variable may be unsafe. Consider using scanf_s instead. To disable deprecation, use _CRT_SECURE_NO_WARNINGS. See online help for details.
  c:\program files (x86)\windows kits\10\include\10.0.15063.0\ucrt\stdio.h(1272): note: see declaration of 'scanf'
c:\users\li huang\programmingprojects\spojproblems\spojproblemscpp\spojproblemscpp\classicalone.cpp(134): warning C4996: 'scanf': This function or variable may be unsafe. Consider using scanf_s instead. To disable deprecation, use _CRT_SECURE_NO_WARNINGS. See online help for details.
  c:\program files (x86)\windows kits\10\include\10.0.15063.0\ucrt\stdio.h(1272): note: see declaration of 'scanf'
c:\users\li huang\programmingprojects\spojproblems\spojproblemscpp\spojproblemscpp\classicalone.cpp(151): warning C4996: 'scanf': This function or variable may be unsafe. Consider using scanf_s instead. To disable deprecation, use _CRT_SECURE_NO_WARNINGS. See online help for details.
  c:\program files (x86)\windows kits\10\include\10.0.15063.0\ucrt\stdio.h(1272): note: see declaration of 'scanf'
c:\users\li huang\programmingprojects\spojproblems\spojproblemscpp\spojproblemscpp\classicalone.cpp(156): warning C4996: 'scanf': This function or variable may be unsafe. Consider using scanf_s instead. To disable deprecation, use _CRT_SECURE_NO_WARNINGS. See online help for details.
  c:\program files (x86)\windows kits\10\include\10.0.15063.0\ucrt\stdio.h(1272): note: see declaration of 'scanf'
c:\users\li huang\programmingprojects\spojproblems\spojproblemscpp\spojproblemscpp\classicalone.cpp(168): warning C4996: 'scanf': This function or variable may be unsafe. Consider using scanf_s instead. To disable deprecation, use _CRT_SECURE_NO_WARNINGS. See online help for details.
  c:\program files (x86)\windows kits\10\include\10.0.15063.0\ucrt\stdio.h(1272): note: see declaration of 'scanf'
c:\users\li huang\programmingprojects\spojproblems\spojproblemscpp\spojproblemscpp\classicalone.cpp(198): warning C4996: 'scanf': This function or variable may be unsafe. Consider using scanf_s instead. To disable deprecation, use _CRT_SECURE_NO_WARNINGS. See online help for details.
  c:\program files (x86)\windows kits\10\include\10.0.15063.0\ucrt\stdio.h(1272): note: see declaration of 'scanf'
c:\users\li huang\programmingprojects\spojproblems\spojproblemscpp\spojproblemscpp\classicalone.cpp(205): warning C4996: 'scanf': This function or variable may be unsafe. Consider using scanf_s instead. To disable deprecation, use _CRT_SECURE_NO_WARNINGS. See online help for details.
  c:\program files (x86)\windows kits\10\include\10.0.15063.0\ucrt\stdio.h(1272): note: see declaration of 'scanf'
c:\users\li huang\programmingprojects\spojproblems\spojproblemscpp\spojproblemscpp\classicalone.cpp(212): warning C4996: 'scanf': This function or variable may be unsafe. Consider using scanf_s instead. To disable deprecation, use _CRT_SECURE_NO_WARNINGS. See online help for details.
  c:\program files (x86)\windows kits\10\include\10.0.15063.0\ucrt\stdio.h(1272): note: see declaration of 'scanf'
c:\users\li huang\programmingprojects\spojproblems\spojproblemscpp\spojproblemscpp\classicalone.cpp(220): warning C4102: 'innerLoop': unreferenced label
c:\users\li huang\programmingprojects\spojproblems\spojproblemscpp\spojproblemscpp\classicalone.cpp(250): warning C4018: '<': signed/unsigned mismatch
c:\users\li huang\programmingprojects\spojproblems\spojproblemscpp\spojproblemscpp\classicalone.cpp(254): warning C4018: '<': signed/unsigned mismatch
  SpojProblemsCPP.vcxproj -> C:\Users\Li Huang\ProgrammingProjects\SpojProblems\SpojProblemsCPP\Debug\SolutionWindows.exe
  SpojProblemsCPP.vcxproj -> C:\Users\Li Huang\ProgrammingProjects\SpojProblems\SpojProblemsCPP\Debug\SolutionWindows.pdb (Partial PDB)
